2026-07-17T10:54:08.424Z  INFO 1 --- [rateme] [main] de.hs_kl.rateme.RatemeApplication        : Starting RatemeApplication v0.0.1-SNAPSHOT using Java 21.0.11 with PID 1 (/app.jar started by root in /)
2026-07-17T10:54:08.429Z  INFO 1 --- [rateme] [main] de.hs_kl.rateme.RatemeApplication        : No active profile set, falling back to 1 default profile: "default"
2026-07-17T10:54:09.241Z  INFO 1 --- [rateme] [main] .s.d.r.c.RepositoryConfigurationDelegate : Bootstrapping Spring Data JPA repositories in DEFAULT mode.
2026-07-17T10:54:09.261Z  INFO 1 --- [rateme] [main] .s.d.r.c.RepositoryConfigurationDelegate : Finished Spring Data repository scanning in 11 ms. Found 0 JPA repository interfaces.
2026-07-17T10:54:09.877Z  INFO 1 --- [rateme] [main] o.s.boot.tomcat.TomcatWebServer          : Tomcat initialized with port 8080 (http)
2026-07-17T10:54:09.896Z  INFO 1 --- [rateme] [main] o.apache.catalina.core.StandardService   : Starting service [Tomcat]
2026-07-17T10:54:09.896Z  INFO 1 --- [rateme] [main] o.apache.catalina.core.StandardEngine    : Starting Servlet engine: [Apache Tomcat/11.0.21]
2026-07-17T10:54:09.927Z  INFO 1 --- [rateme] [main] b.w.c.s.WebApplicationContextInitializer : Root WebApplicationContext: initialization completed in 1446 ms
2026-07-17T10:54:10.178Z  INFO 1 --- [rateme] [main] org.hibernate.orm.jpa                    : HHH008540: Processing PersistenceUnitInfo [name: default]
2026-07-17T10:54:10.309Z  INFO 1 --- [rateme] [main] org.hibernate.orm.core                   : HHH000001: Hibernate ORM core version 7.2.12.Final
2026-07-17T10:54:10.804Z  INFO 1 --- [rateme] [main] o.s.o.j.p.SpringPersistenceUnitInfo      : No LoadTimeWeaver setup: ignoring JPA class transformer
2026-07-17T10:54:10.840Z  INFO 1 --- [rateme] [main] com.zaxxer.hikari.HikariDataSource       : HikariPool-1 - Starting...
2026-07-17T10:54:53.157Z  INFO 1 --- [rateme] [main] com.zaxxer.hikari.pool.HikariPool        : HikariPool-1 - Added connection com.mysql.cj.jdbc.ConnectionImpl@4fe4503a
2026-07-17T10:54:53.159Z  INFO 1 --- [rateme] [main] com.zaxxer.hikari.HikariDataSource       : HikariPool-1 - Start completed.
2026-07-17T10:54:53.266Z  INFO 1 --- [rateme] [main] org.hibernate.orm.connections.pooling    : HHH10001005: Database info:
	Database JDBC URL [jdbc:mysql://dbserver:3306/swtp_rateme]
	Database driver: MySQL Connector/J
	Database dialect: MySQLDialect
	Database version: 8.3
	Default catalog/schema: swtp_rateme/undefined
	Autocommit mode: undefined/unknown
	Isolation level: REPEATABLE_READ [default REPEATABLE_READ]
	JDBC fetch size: none
	Pool: DataSourceConnectionProvider
	Minimum pool size: undefined/unknown
	Maximum pool size: undefined/unknown
2026-07-17T10:54:54.289Z  INFO 1 --- [rateme] [main] org.hibernate.orm.core                   : HHH000489: No JTA platform available (set 'hibernate.transaction.jta.platform' to enable JTA platform integration)
2026-07-17T10:54:54.593Z  INFO 1 --- [rateme] [main] j.LocalContainerEntityManagerFactoryBean : Initialized JPA EntityManagerFactory for persistence unit 'default'
2026-07-17T10:54:54.932Z  INFO 1 --- [rateme] [main] o.s.b.w.a.WelcomePageHandlerMapping      : Adding welcome page: class path resource [static/index.html]
2026-07-17T10:54:55.465Z  INFO 1 --- [rateme] [main] o.s.boot.tomcat.TomcatWebServer          : Tomcat started on port 8080 (http) with context path '/'
2026-07-17T10:54:55.490Z  INFO 1 --- [rateme] [main] de.hs_kl.rateme.RatemeApplication        : Started RatemeApplication in 47.587 seconds (process running for 48.878)
2026-07-17T10:54:55.497Z  WARN 1 --- [rateme] [main] o.s.core.events.SpringDocAppInitializer  : SpringDoc /v3/api-docs endpoint is enabled by default. To disable it in production, set the property 'springdoc.api-docs.enabled=false'
2026-07-17T10:54:55.498Z  WARN 1 --- [rateme] [main] o.s.core.events.SpringDocAppInitializer  : SpringDoc /swagger-ui.html endpoint is enabled by default. To disable it in production, set the property 'springdoc.swagger-ui.enabled=false'
2026-07-17T10:56:27.717Z  INFO 1 --- [rateme] [http-nio-8080-exec-1] o.a.c.c.C.[Tomcat].[localhost].[/]       : Initializing Spring DispatcherServlet 'dispatcherServlet'
2026-07-17T10:56:27.719Z  INFO 1 --- [rateme] [http-nio-8080-exec-1] o.s.web.servlet.DispatcherServlet        : Initializing Servlet 'dispatcherServlet'
2026-07-17T10:56:27.722Z  INFO 1 --- [rateme] [http-nio-8080-exec-1] o.s.web.servlet.DispatcherServlet        : Completed initialization in 2 ms
2026-07-17T10:56:30.349Z  INFO 1 --- [rateme] [http-nio-8080-exec-5] de.hs_kl.rateme.aspect.LoggingAspect     : START UserController.login with dtoIn=LogInDtoIn[username=Khaledcombat, password=***]
2026-07-17T10:56:30.397Z  INFO 1 --- [rateme] [http-nio-8080-exec-5] de.hs_kl.rateme.aspect.LoggingAspect     : START DBAccess.findUserByUsername with username=Khaledcombat
2026-07-17T10:56:30.523Z  INFO 1 --- [rateme] [http-nio-8080-exec-5] de.hs_kl.rateme.aspect.LoggingAspect     : SUCCESS DBAccess.findUserByUsername
2026-07-17T10:56:30.728Z  INFO 1 --- [rateme] [http-nio-8080-exec-5] de.hs_kl.rateme.aspect.LoggingAspect     : SUCCESS UserController.login
2026-07-17T10:56:30.807Z  INFO 1 --- [rateme] [http-nio-8080-exec-6] de.hs_kl.rateme.aspect.LoggingAspect     : START PoiController.getAllPois with token=***
2026-07-17T10:56:30.812Z  INFO 1 --- [rateme] [http-nio-8080-exec-6] de.hs_kl.rateme.aspect.LoggingAspect     : START DBAccess.getAllPois with no parameters
2026-07-17T10:56:30.844Z  INFO 1 --- [rateme] [http-nio-8080-exec-6] de.hs_kl.rateme.aspect.LoggingAspect     : SUCCESS DBAccess.getAllPois
2026-07-17T10:56:30.853Z  INFO 1 --- [rateme] [http-nio-8080-exec-6] de.hs_kl.rateme.aspect.LoggingAspect     : SUCCESS PoiController.getAllPois
2026-07-17T10:57:24.092Z  INFO 1 --- [rateme] [http-nio-8080-exec-7] de.hs_kl.rateme.aspect.LoggingAspect     : START RatingController.findRatingsByPoiId with poiId=937869520, token=***
2026-07-17T10:57:24.096Z  INFO 1 --- [rateme] [http-nio-8080-exec-7] de.hs_kl.rateme.aspect.LoggingAspect     : START DBAccess.findRatingsByPoiId with poiId=937869520
2026-07-17T10:57:24.112Z  INFO 1 --- [rateme] [http-nio-8080-exec-7] de.hs_kl.rateme.aspect.LoggingAspect     : SUCCESS DBAccess.findRatingsByPoiId
2026-07-17T10:57:24.115Z  INFO 1 --- [rateme] [http-nio-8080-exec-7] de.hs_kl.rateme.aspect.LoggingAspect     : SUCCESS RatingController.findRatingsByPoiId
2026-07-17T10:57:25.160Z  INFO 1 --- [rateme] [http-nio-8080-exec-8] de.hs_kl.rateme.aspect.LoggingAspect     : START RatingController.findRatingsByPoiId with poiId=933057175, token=***
2026-07-17T10:57:25.162Z  INFO 1 --- [rateme] [http-nio-8080-exec-8] de.hs_kl.rateme.aspect.LoggingAspect     : START DBAccess.findRatingsByPoiId with poiId=933057175
2026-07-17T10:57:25.165Z  INFO 1 --- [rateme] [http-nio-8080-exec-8] de.hs_kl.rateme.aspect.LoggingAspect     : SUCCESS DBAccess.findRatingsByPoiId
2026-07-17T10:57:25.167Z  INFO 1 --- [rateme] [http-nio-8080-exec-8] de.hs_kl.rateme.aspect.LoggingAspect     : SUCCESS RatingController.findRatingsByPoiId
2026-07-17T10:57:25.976Z  INFO 1 --- [rateme] [http-nio-8080-exec-9] de.hs_kl.rateme.aspect.LoggingAspect     : START RatingController.findRatingsByPoiId with poiId=3110038842, token=***
2026-07-17T10:57:25.978Z  INFO 1 --- [rateme] [http-nio-8080-exec-9] de.hs_kl.rateme.aspect.LoggingAspect     : START DBAccess.findRatingsByPoiId with poiId=3110038842
2026-07-17T10:57:25.981Z  INFO 1 --- [rateme] [http-nio-8080-exec-9] de.hs_kl.rateme.aspect.LoggingAspect     : SUCCESS DBAccess.findRatingsByPoiId
2026-07-17T10:57:25.984Z  INFO 1 --- [rateme] [http-nio-8080-exec-9] de.hs_kl.rateme.aspect.LoggingAspect     : SUCCESS RatingController.findRatingsByPoiId
2026-07-17T10:57:27.403Z  INFO 1 --- [rateme] [http-nio-8080-exec-10] de.hs_kl.rateme.aspect.LoggingAspect     : START RatingController.myRatings with token=***
2026-07-17T10:57:27.407Z  INFO 1 --- [rateme] [http-nio-8080-exec-10] de.hs_kl.rateme.aspect.LoggingAspect     : START DBAccess.findRatingByUserId with userId=1
2026-07-17T10:57:27.413Z  INFO 1 --- [rateme] [http-nio-8080-exec-10] de.hs_kl.rateme.aspect.LoggingAspect     : SUCCESS DBAccess.findRatingByUserId
2026-07-17T10:57:27.414Z  INFO 1 --- [rateme] [http-nio-8080-exec-10] de.hs_kl.rateme.aspect.LoggingAspect     : SUCCESS RatingController.myRatings
2026-07-17T11:07:07.416Z  INFO 1 --- [rateme] [http-nio-8080-exec-2] de.hs_kl.rateme.aspect.LoggingAspect     : START RatingController.myRatings with token=***
2026-07-17T11:07:07.421Z  INFO 1 --- [rateme] [http-nio-8080-exec-2] de.hs_kl.rateme.aspect.LoggingAspect     : START DBAccess.findRatingByUserId with userId=1
2026-07-17T11:07:07.425Z  INFO 1 --- [rateme] [http-nio-8080-exec-2] de.hs_kl.rateme.aspect.LoggingAspect     : SUCCESS DBAccess.findRatingByUserId
2026-07-17T11:07:07.427Z  INFO 1 --- [rateme] [http-nio-8080-exec-2] de.hs_kl.rateme.aspect.LoggingAspect     : SUCCESS RatingController.myRatings
2026-07-17T11:07:08.835Z  INFO 1 --- [rateme] [http-nio-8080-exec-3] de.hs_kl.rateme.aspect.LoggingAspect     : START RatingController.findRatingsByPoiId with poiId=413928149, token=***
2026-07-17T11:07:08.838Z  INFO 1 --- [rateme] [http-nio-8080-exec-3] de.hs_kl.rateme.aspect.LoggingAspect     : START DBAccess.findRatingsByPoiId with poiId=413928149
2026-07-17T11:07:08.840Z  INFO 1 --- [rateme] [http-nio-8080-exec-3] de.hs_kl.rateme.aspect.LoggingAspect     : SUCCESS DBAccess.findRatingsByPoiId
2026-07-17T11:07:08.842Z  INFO 1 --- [rateme] [http-nio-8080-exec-3] de.hs_kl.rateme.aspect.LoggingAspect     : SUCCESS RatingController.findRatingsByPoiId
2026-07-17T11:07:09.387Z  INFO 1 --- [rateme] [http-nio-8080-exec-4] de.hs_kl.rateme.aspect.LoggingAspect     : START RatingController.findRatingsByPoiId with poiId=3188600462, token=***
2026-07-17T11:07:09.389Z  INFO 1 --- [rateme] [http-nio-8080-exec-4] de.hs_kl.rateme.aspect.LoggingAspect     : START DBAccess.findRatingsByPoiId with poiId=3188600462
2026-07-17T11:07:09.391Z  INFO 1 --- [rateme] [http-nio-8080-exec-4] de.hs_kl.rateme.aspect.LoggingAspect     : SUCCESS DBAccess.findRatingsByPoiId
2026-07-17T11:07:09.393Z  INFO 1 --- [rateme] [http-nio-8080-exec-4] de.hs_kl.rateme.aspect.LoggingAspect     : SUCCESS RatingController.findRatingsByPoiId
2026-07-17T11:07:10.918Z  INFO 1 --- [rateme] [http-nio-8080-exec-5] de.hs_kl.rateme.aspect.LoggingAspect     : START RatingController.findRatingsByPoiId with poiId=332251156, token=***
2026-07-17T11:07:10.920Z  INFO 1 --- [rateme] [http-nio-8080-exec-5] de.hs_kl.rateme.aspect.LoggingAspect     : START DBAccess.findRatingsByPoiId with poiId=332251156
2026-07-17T11:07:10.923Z  INFO 1 --- [rateme] [http-nio-8080-exec-5] de.hs_kl.rateme.aspect.LoggingAspect     : SUCCESS DBAccess.findRatingsByPoiId
2026-07-17T11:07:10.926Z  INFO 1 --- [rateme] [http-nio-8080-exec-5] de.hs_kl.rateme.aspect.LoggingAspect     : SUCCESS RatingController.findRatingsByPoiId
2026-07-17T11:07:11.389Z  INFO 1 --- [rateme] [http-nio-8080-exec-6] de.hs_kl.rateme.aspect.LoggingAspect     : START RatingController.findRatingsByPoiId with poiId=11805031097, token=***
2026-07-17T11:07:11.391Z  INFO 1 --- [rateme] [http-nio-8080-exec-6] de.hs_kl.rateme.aspect.LoggingAspect     : START DBAccess.findRatingsByPoiId with poiId=11805031097
2026-07-17T11:07:11.393Z  INFO 1 --- [rateme] [http-nio-8080-exec-6] de.hs_kl.rateme.aspect.LoggingAspect     : SUCCESS DBAccess.findRatingsByPoiId
2026-07-17T11:07:11.394Z  INFO 1 --- [rateme] [http-nio-8080-exec-6] de.hs_kl.rateme.aspect.LoggingAspect     : SUCCESS RatingController.findRatingsByPoiId
2026-07-17T11:07:13.073Z  INFO 1 --- [rateme] [http-nio-8080-exec-7] de.hs_kl.rateme.aspect.LoggingAspect     : START RatingController.findRatingsByPoiId with poiId=3347609094, token=***
2026-07-17T11:07:13.075Z  INFO 1 --- [rateme] [http-nio-8080-exec-7] de.hs_kl.rateme.aspect.LoggingAspect     : START DBAccess.findRatingsByPoiId with poiId=3347609094
2026-07-17T11:07:13.078Z  INFO 1 --- [rateme] [http-nio-8080-exec-7] de.hs_kl.rateme.aspect.LoggingAspect     : SUCCESS DBAccess.findRatingsByPoiId
2026-07-17T11:07:13.080Z  INFO 1 --- [rateme] [http-nio-8080-exec-7] de.hs_kl.rateme.aspect.LoggingAspect     : SUCCESS RatingController.findRatingsByPoiId
2026-07-17T11:07:14.909Z  INFO 1 --- [rateme] [http-nio-8080-exec-8] de.hs_kl.rateme.aspect.LoggingAspect     : START RatingController.findRatingsByPoiId with poiId=6239400085, token=***
2026-07-17T11:07:14.911Z  INFO 1 --- [rateme] [http-nio-8080-exec-8] de.hs_kl.rateme.aspect.LoggingAspect     : START DBAccess.findRatingsByPoiId with poiId=6239400085
2026-07-17T11:07:14.913Z  INFO 1 --- [rateme] [http-nio-8080-exec-8] de.hs_kl.rateme.aspect.LoggingAspect     : SUCCESS DBAccess.findRatingsByPoiId
2026-07-17T11:07:14.914Z  INFO 1 --- [rateme] [http-nio-8080-exec-8] de.hs_kl.rateme.aspect.LoggingAspect     : SUCCESS RatingController.findRatingsByPoiId
2026-07-17T11:07:16.565Z  INFO 1 --- [rateme] [http-nio-8080-exec-9] de.hs_kl.rateme.aspect.LoggingAspect     : START RatingController.findRatingsByPoiId with poiId=9464323047, token=***
2026-07-17T11:07:16.568Z  INFO 1 --- [rateme] [http-nio-8080-exec-9] de.hs_kl.rateme.aspect.LoggingAspect     : START DBAccess.findRatingsByPoiId with poiId=9464323047
2026-07-17T11:07:16.570Z  INFO 1 --- [rateme] [http-nio-8080-exec-9] de.hs_kl.rateme.aspect.LoggingAspect     : SUCCESS DBAccess.findRatingsByPoiId
2026-07-17T11:07:16.572Z  INFO 1 --- [rateme] [http-nio-8080-exec-9] de.hs_kl.rateme.aspect.LoggingAspect     : SUCCESS RatingController.findRatingsByPoiId
2026-07-17T11:07:17.119Z  INFO 1 --- [rateme] [http-nio-8080-exec-10] de.hs_kl.rateme.aspect.LoggingAspect     : START RatingController.findRatingsByPoiId with poiId=6265530931, token=***
2026-07-17T11:07:17.120Z  INFO 1 --- [rateme] [http-nio-8080-exec-10] de.hs_kl.rateme.aspect.LoggingAspect     : START DBAccess.findRatingsByPoiId with poiId=6265530931
2026-07-17T11:07:17.122Z  INFO 1 --- [rateme] [http-nio-8080-exec-10] de.hs_kl.rateme.aspect.LoggingAspect     : SUCCESS DBAccess.findRatingsByPoiId
2026-07-17T11:07:17.124Z  INFO 1 --- [rateme] [http-nio-8080-exec-10] de.hs_kl.rateme.aspect.LoggingAspect     : SUCCESS RatingController.findRatingsByPoiId
2026-07-17T11:07:18.893Z  INFO 1 --- [rateme] [http-nio-8080-exec-1] de.hs_kl.rateme.aspect.LoggingAspect     : START RatingController.findRatingsByPoiId with poiId=3188600462, token=***
2026-07-17T11:07:18.896Z  INFO 1 --- [rateme] [http-nio-8080-exec-1] de.hs_kl.rateme.aspect.LoggingAspect     : START DBAccess.findRatingsByPoiId with poiId=3188600462
2026-07-17T11:07:18.904Z  INFO 1 --- [rateme] [http-nio-8080-exec-1] de.hs_kl.rateme.aspect.LoggingAspect     : SUCCESS DBAccess.findRatingsByPoiId
2026-07-17T11:07:18.905Z  INFO 1 --- [rateme] [http-nio-8080-exec-1] de.hs_kl.rateme.aspect.LoggingAspect     : SUCCESS RatingController.findRatingsByPoiId
2026-07-17T11:07:19.756Z  INFO 1 --- [rateme] [http-nio-8080-exec-2] de.hs_kl.rateme.aspect.LoggingAspect     : START RatingController.findRatingsByPoiId with poiId=413928149, token=***
2026-07-17T11:07:19.759Z  INFO 1 --- [rateme] [http-nio-8080-exec-2] de.hs_kl.rateme.aspect.LoggingAspect     : START DBAccess.findRatingsByPoiId with poiId=413928149
2026-07-17T11:07:19.762Z  INFO 1 --- [rateme] [http-nio-8080-exec-2] de.hs_kl.rateme.aspect.LoggingAspect     : SUCCESS DBAccess.findRatingsByPoiId
2026-07-17T11:07:19.763Z  INFO 1 --- [rateme] [http-nio-8080-exec-2] de.hs_kl.rateme.aspect.LoggingAspect     : SUCCESS RatingController.findRatingsByPoiId
2026-07-17T11:07:23.826Z  INFO 1 --- [rateme] [http-nio-8080-exec-1] o.springdoc.api.AbstractOpenApiResource  : Init duration for springdoc-openapi is: 323 ms
2026-07-17T11:14:37.931Z  INFO 1 --- [rateme] [http-nio-8080-exec-7] de.hs_kl.rateme.aspect.LoggingAspect     : START RatingController.rate with dtoIn=RatingDtoIn[poiId=413928149, grade=3, txt=So lecker aber nicht sauber, imageId=null], token=***
2026-07-17T11:14:37.933Z  INFO 1 --- [rateme] [http-nio-8080-exec-7] de.hs_kl.rateme.aspect.LoggingAspect     : START DBAccess.createRating with userId=1, poiId=413928149, grade=3, txt=So lecker aber nicht sauber, image_id=null
2026-07-17T11:14:38.003Z  INFO 1 --- [rateme] [http-nio-8080-exec-7] de.hs_kl.rateme.aspect.LoggingAspect     : SUCCESS DBAccess.createRating
2026-07-17T11:14:38.021Z  INFO 1 --- [rateme] [http-nio-8080-exec-7] de.hs_kl.rateme.aspect.LoggingAspect     : SUCCESS RatingController.rate
2026-07-17T11:14:38.029Z  INFO 1 --- [rateme] [http-nio-8080-exec-9] de.hs_kl.rateme.aspect.LoggingAspect     : START RatingController.findRatingsByPoiId with poiId=413928149, token=***
2026-07-17T11:14:38.030Z  INFO 1 --- [rateme] [http-nio-8080-exec-9] de.hs_kl.rateme.aspect.LoggingAspect     : START DBAccess.findRatingsByPoiId with poiId=413928149
2026-07-17T11:14:38.037Z  INFO 1 --- [rateme] [http-nio-8080-exec-9] de.hs_kl.rateme.aspect.LoggingAspect     : SUCCESS DBAccess.findRatingsByPoiId
2026-07-17T11:14:38.039Z  INFO 1 --- [rateme] [http-nio-8080-exec-9] de.hs_kl.rateme.aspect.LoggingAspect     : SUCCESS RatingController.findRatingsByPoiId
2026-07-17T11:28:54.881Z  INFO 1 --- [rateme] [http-nio-8080-exec-10] de.hs_kl.rateme.aspect.LoggingAspect     : START ImageController.uploadImg with file=MultipartFile[filename=5.jpeg, size=222710, contentType=image/jpeg], token=***
2026-07-17T11:28:54.886Z  INFO 1 --- [rateme] [http-nio-8080-exec-10] de.hs_kl.rateme.aspect.LoggingAspect     : START DBAccess.createImg with img=byte[222710]
2026-07-17T11:28:55.082Z  INFO 1 --- [rateme] [http-nio-8080-exec-10] de.hs_kl.rateme.aspect.LoggingAspect     : SUCCESS DBAccess.createImg
2026-07-17T11:28:55.102Z  INFO 1 --- [rateme] [http-nio-8080-exec-10] de.hs_kl.rateme.aspect.LoggingAspect     : SUCCESS ImageController.uploadImg
2026-07-17T11:28:55.112Z  INFO 1 --- [rateme] [http-nio-8080-exec-1] de.hs_kl.rateme.aspect.LoggingAspect     : START RatingController.rate with dtoIn=RatingDtoIn[poiId=413928149, grade=4, txt=lecker, imageId=1], token=***
2026-07-17T11:28:55.113Z  INFO 1 --- [rateme] [http-nio-8080-exec-1] de.hs_kl.rateme.aspect.LoggingAspect     : START DBAccess.createRating with userId=1, poiId=413928149, grade=4, txt=lecker, image_id=1
2026-07-17T11:28:55.131Z  INFO 1 --- [rateme] [http-nio-8080-exec-1] de.hs_kl.rateme.aspect.LoggingAspect     : SUCCESS DBAccess.createRating
2026-07-17T11:28:55.156Z  INFO 1 --- [rateme] [http-nio-8080-exec-1] de.hs_kl.rateme.aspect.LoggingAspect     : SUCCESS RatingController.rate
2026-07-17T11:28:55.161Z  INFO 1 --- [rateme] [http-nio-8080-exec-4] de.hs_kl.rateme.aspect.LoggingAspect     : START RatingController.findRatingsByPoiId with poiId=413928149, token=***
2026-07-17T11:28:55.162Z  INFO 1 --- [rateme] [http-nio-8080-exec-4] de.hs_kl.rateme.aspect.LoggingAspect     : START DBAccess.findRatingsByPoiId with poiId=413928149
2026-07-17T11:28:55.171Z  INFO 1 --- [rateme] [http-nio-8080-exec-4] de.hs_kl.rateme.aspect.LoggingAspect     : SUCCESS DBAccess.findRatingsByPoiId
2026-07-17T11:28:55.173Z  INFO 1 --- [rateme] [http-nio-8080-exec-4] de.hs_kl.rateme.aspect.LoggingAspect     : SUCCESS RatingController.findRatingsByPoiId
2026-07-17T11:28:55.180Z  INFO 1 --- [rateme] [http-nio-8080-exec-2] de.hs_kl.rateme.aspect.LoggingAspect     : START ImageController.getImg with id=1
2026-07-17T11:28:55.182Z  INFO 1 --- [rateme] [http-nio-8080-exec-2] de.hs_kl.rateme.aspect.LoggingAspect     : START DBAccess.findImgById with id=1
2026-07-17T11:28:55.188Z  INFO 1 --- [rateme] [http-nio-8080-exec-2] de.hs_kl.rateme.aspect.LoggingAspect     : SUCCESS DBAccess.findImgById
2026-07-17T11:28:55.190Z  INFO 1 --- [rateme] [http-nio-8080-exec-2] de.hs_kl.rateme.aspect.LoggingAspect     : SUCCESS ImageController.getImg
2026-07-17T11:28:59.493Z  INFO 1 --- [rateme] [http-nio-8080-exec-5] de.hs_kl.rateme.aspect.LoggingAspect     : START RatingController.myRatings with token=***
2026-07-17T11:28:59.494Z  INFO 1 --- [rateme] [http-nio-8080-exec-5] de.hs_kl.rateme.aspect.LoggingAspect     : START DBAccess.findRatingByUserId with userId=1
2026-07-17T11:28:59.504Z  INFO 1 --- [rateme] [http-nio-8080-exec-5] de.hs_kl.rateme.aspect.LoggingAspect     : SUCCESS DBAccess.findRatingByUserId
2026-07-17T11:28:59.506Z  INFO 1 --- [rateme] [http-nio-8080-exec-5] de.hs_kl.rateme.aspect.LoggingAspect     : SUCCESS RatingController.myRatings
2026-07-17T11:29:03.248Z  INFO 1 --- [rateme] [http-nio-8080-exec-6] de.hs_kl.rateme.aspect.LoggingAspect     : START RatingController.deleteRating with ratingId=1, token=***
2026-07-17T11:29:03.250Z  INFO 1 --- [rateme] [http-nio-8080-exec-6] de.hs_kl.rateme.aspect.LoggingAspect     : START DBAccess.deleteRating with ratingId=1, userId=1
2026-07-17T11:29:03.265Z  INFO 1 --- [rateme] [http-nio-8080-exec-6] de.hs_kl.rateme.aspect.LoggingAspect     : SUCCESS DBAccess.deleteRating
2026-07-17T11:29:03.283Z  INFO 1 --- [rateme] [http-nio-8080-exec-6] de.hs_kl.rateme.aspect.LoggingAspect     : SUCCESS RatingController.deleteRating
2026-07-17T11:29:03.289Z  INFO 1 --- [rateme] [http-nio-8080-exec-3] de.hs_kl.rateme.aspect.LoggingAspect     : START RatingController.myRatings with token=***
2026-07-17T11:29:03.290Z  INFO 1 --- [rateme] [http-nio-8080-exec-7] de.hs_kl.rateme.aspect.LoggingAspect     : START RatingController.findRatingsByPoiId with poiId=413928149, token=***
2026-07-17T11:29:03.290Z  INFO 1 --- [rateme] [http-nio-8080-exec-3] de.hs_kl.rateme.aspect.LoggingAspect     : START DBAccess.findRatingByUserId with userId=1
2026-07-17T11:29:03.291Z  INFO 1 --- [rateme] [http-nio-8080-exec-7] de.hs_kl.rateme.aspect.LoggingAspect     : START DBAccess.findRatingsByPoiId with poiId=413928149
2026-07-17T11:29:03.299Z  INFO 1 --- [rateme] [http-nio-8080-exec-3] de.hs_kl.rateme.aspect.LoggingAspect     : SUCCESS DBAccess.findRatingByUserId
2026-07-17T11:29:03.300Z  INFO 1 --- [rateme] [http-nio-8080-exec-3] de.hs_kl.rateme.aspect.LoggingAspect     : SUCCESS RatingController.myRatings
2026-07-17T11:29:03.301Z  INFO 1 --- [rateme] [http-nio-8080-exec-7] de.hs_kl.rateme.aspect.LoggingAspect     : SUCCESS DBAccess.findRatingsByPoiId
2026-07-17T11:29:03.302Z  INFO 1 --- [rateme] [http-nio-8080-exec-7] de.hs_kl.rateme.aspect.LoggingAspect     : SUCCESS RatingController.findRatingsByPoiId
2026-07-17T11:29:04.872Z  INFO 1 --- [rateme] [http-nio-8080-exec-9] de.hs_kl.rateme.aspect.LoggingAspect     : START RatingController.myRatings with token=***
2026-07-17T11:29:04.874Z  INFO 1 --- [rateme] [http-nio-8080-exec-9] de.hs_kl.rateme.aspect.LoggingAspect     : START DBAccess.findRatingByUserId with userId=1
2026-07-17T11:29:04.882Z  INFO 1 --- [rateme] [http-nio-8080-exec-9] de.hs_kl.rateme.aspect.LoggingAspect     : SUCCESS DBAccess.findRatingByUserId
2026-07-17T11:29:04.884Z  INFO 1 --- [rateme] [http-nio-8080-exec-9] de.hs_kl.rateme.aspect.LoggingAspect     : SUCCESS RatingController.myRatings
2026-07-17T11:29:07.409Z  INFO 1 --- [rateme] [http-nio-8080-exec-8] de.hs_kl.rateme.aspect.LoggingAspect     : START RatingController.findRatingsByPoiId with poiId=413928149, token=***
2026-07-17T11:29:07.412Z  INFO 1 --- [rateme] [http-nio-8080-exec-8] de.hs_kl.rateme.aspect.LoggingAspect     : START DBAccess.findRatingsByPoiId with poiId=413928149
2026-07-17T11:29:07.423Z  INFO 1 --- [rateme] [http-nio-8080-exec-8] de.hs_kl.rateme.aspect.LoggingAspect     : SUCCESS DBAccess.findRatingsByPoiId
2026-07-17T11:29:07.425Z  INFO 1 --- [rateme] [http-nio-8080-exec-8] de.hs_kl.rateme.aspect.LoggingAspect     : SUCCESS RatingController.findRatingsByPoiId
2026-07-17T11:29:58.552Z  INFO 1 --- [rateme] [http-nio-8080-exec-1] de.hs_kl.rateme.aspect.LoggingAspect     : START UserController.login with dtoIn=LogInDtoIn[username=string, password=***]
2026-07-17T11:29:58.559Z  INFO 1 --- [rateme] [http-nio-8080-exec-1] de.hs_kl.rateme.aspect.LoggingAspect     : START DBAccess.findUserByUsername with username=string
2026-07-17T11:29:58.566Z ERROR 1 --- [rateme] [http-nio-8080-exec-1] de.hs_kl.rateme.aspect.LoggingAspect     : ERROR DBAccess.findUserByUsername - No result found for query [SELECT u FROM User u WHERE u.username = :username]
2026-07-17T11:29:58.573Z ERROR 1 --- [rateme] [http-nio-8080-exec-1] de.hs_kl.rateme.aspect.LoggingAspect     : ERROR UserController.login - 401 UNAUTHORIZED "Invalid Username or Password "
2026-07-17T11:30:23.159Z  INFO 1 --- [rateme] [http-nio-8080-exec-2] de.hs_kl.rateme.aspect.LoggingAspect     : START UserController.logout with token=***
2026-07-17T11:30:23.159Z  INFO 1 --- [rateme] [http-nio-8080-exec-2] de.hs_kl.rateme.aspect.LoggingAspect     : SUCCESS UserController.logout
